<?xml version="1.0" encoding="UTF-8"?>
<testsuite xmlns:xsi="http://www.w3.org/2001/XMLSchema-instance" xsi:noNamespaceSchemaLocation="https://maven.apache.org/surefire/maven-surefire-plugin/xsd/surefire-test-report.xsd" name="com.techplanet.expertbridge.fusion.FusionApplicationTests" time="31.407" tests="1" errors="0" skipped="0" failures="0">
  <properties>
    <property name="sun.desktop" value="windows"/>
    <property name="awt.toolkit" value="sun.awt.windows.WToolkit"/>
    <property name="java.specification.version" value="11"/>
    <property name="sun.cpu.isalist" value="amd64"/>
    <property name="sun.jnu.encoding" value="Cp1252"/>
    <property name="java.class.path" value="C:\Techplanet\Development\ExpertBridge\fusionms\target\test-classes;C:\Techplanet\Development\ExpertBridge\fusionms\target\classes;C:\Users\dofoleta\.m2\repository\org\springframework\boot\spring-boot-starter-actuator\2.3.11.RELEASE\spring-boot-starter-actuator-2.3.11.RELEASE.jar;C:\Users\dofoleta\.m2\repository\org\springframework\boot\spring-boot-starter\2.3.11.RELEASE\spring-boot-starter-2.3.11.RELEASE.jar;C:\Users\dofoleta\.m2\repository\org\springframework\boot\spring-boot\2.3.11.RELEASE\spring-boot-2.3.11.RELEASE.jar;C:\Users\dofoleta\.m2\repository\org\springframework\boot\spring-boot-autoconfigure\2.3.11.RELEASE\spring-boot-autoconfigure-2.3.11.RELEASE.jar;C:\Users\dofoleta\.m2\repository\org\springframework\boot\spring-boot-starter-logging\2.3.11.RELEASE\spring-boot-starter-logging-2.3.11.RELEASE.jar;C:\Users\dofoleta\.m2\repository\ch\qos\logback\logback-classic\1.2.3\logback-classic-1.2.3.jar;C:\Users\dofoleta\.m2\repository\ch\qos\logback\logback-core\1.2.3\logback-core-1.2.3.jar;C:\Users\dofoleta\.m2\repository\org\apache\logging\log4j\log4j-to-slf4j\2.13.3\log4j-to-slf4j-2.13.3.jar;C:\Users\dofoleta\.m2\repository\org\slf4j\jul-to-slf4j\1.7.30\jul-to-slf4j-1.7.30.jar;C:\Users\dofoleta\.m2\repository\jakarta\annotation\jakarta.annotation-api\1.3.5\jakarta.annotation-api-1.3.5.jar;C:\Users\dofoleta\.m2\repository\org\yaml\snakeyaml\1.26\snakeyaml-1.26.jar;C:\Users\dofoleta\.m2\repository\org\springframework\boot\spring-boot-actuator-autoconfigure\2.3.11.RELEASE\spring-boot-actuator-autoconfigure-2.3.11.RELEASE.jar;C:\Users\dofoleta\.m2\repository\org\springframework\boot\spring-boot-actuator\2.3.11.RELEASE\spring-boot-actuator-2.3.11.RELEASE.jar;C:\Users\dofoleta\.m2\repository\com\fasterxml\jackson\datatype\jackson-datatype-jsr310\2.11.4\jackson-datatype-jsr310-2.11.4.jar;C:\Users\dofoleta\.m2\repository\io\micrometer\micrometer-core\1.5.14\micrometer-core-1.5.14.jar;C:\Users\dofoleta\.m2\repository\org\hdrhistogram\HdrHistogram\2.1.12\HdrHistogram-2.1.12.jar;C:\Users\dofoleta\.m2\repository\org\latencyutils\LatencyUtils\2.0.3\LatencyUtils-2.0.3.jar;C:\Users\dofoleta\.m2\repository\org\springframework\boot\spring-boot-starter-data-jpa\2.3.11.RELEASE\spring-boot-starter-data-jpa-2.3.11.RELEASE.jar;C:\Users\dofoleta\.m2\repository\org\springframework\boot\spring-boot-starter-aop\2.3.11.RELEASE\spring-boot-starter-aop-2.3.11.RELEASE.jar;C:\Users\dofoleta\.m2\repository\org\springframework\spring-aop\5.2.15.RELEASE\spring-aop-5.2.15.RELEASE.jar;C:\Users\dofoleta\.m2\repository\org\aspectj\aspectjweaver\1.9.6\aspectjweaver-1.9.6.jar;C:\Users\dofoleta\.m2\repository\org\springframework\boot\spring-boot-starter-jdbc\2.3.11.RELEASE\spring-boot-starter-jdbc-2.3.11.RELEASE.jar;C:\Users\dofoleta\.m2\repository\com\zaxxer\HikariCP\3.4.5\HikariCP-3.4.5.jar;C:\Users\dofoleta\.m2\repository\org\springframework\spring-jdbc\5.2.15.RELEASE\spring-jdbc-5.2.15.RELEASE.jar;C:\Users\dofoleta\.m2\repository\jakarta\transaction\jakarta.transaction-api\1.3.3\jakarta.transaction-api-1.3.3.jar;C:\Users\dofoleta\.m2\repository\jakarta\persistence\jakarta.persistence-api\2.2.3\jakarta.persistence-api-2.2.3.jar;C:\Users\dofoleta\.m2\repository\org\hibernate\hibernate-core\5.4.31.Final\hibernate-core-5.4.31.Final.jar;C:\Users\dofoleta\.m2\repository\org\jboss\logging\jboss-logging\3.4.1.Final\jboss-logging-3.4.1.Final.jar;C:\Users\dofoleta\.m2\repository\org\javassist\javassist\3.27.0-GA\javassist-3.27.0-GA.jar;C:\Users\dofoleta\.m2\repository\net\bytebuddy\byte-buddy\1.10.22\byte-buddy-1.10.22.jar;C:\Users\dofoleta\.m2\repository\antlr\antlr\2.7.7\antlr-2.7.7.jar;C:\Users\dofoleta\.m2\repository\org\jboss\jandex\2.2.3.Final\jandex-2.2.3.Final.jar;C:\Users\dofoleta\.m2\repository\org\dom4j\dom4j\2.1.3\dom4j-2.1.3.jar;C:\Users\dofoleta\.m2\repository\org\hibernate\common\hibernate-commons-annotations\5.1.2.Final\hibernate-commons-annotations-5.1.2.Final.jar;C:\Users\dofoleta\.m2\repository\org\glassfish\jaxb\jaxb-runtime\2.3.4\jaxb-runtime-2.3.4.jar;C:\Users\dofoleta\.m2\repository\org\glassfish\jaxb\txw2\2.3.4\txw2-2.3.4.jar;C:\Users\dofoleta\.m2\repository\com\sun\istack\istack-commons-runtime\3.0.12\istack-commons-runtime-3.0.12.jar;C:\Users\dofoleta\.m2\repository\org\springframework\data\spring-data-jpa\2.3.9.RELEASE\spring-data-jpa-2.3.9.RELEASE.jar;C:\Users\dofoleta\.m2\repository\org\springframework\data\spring-data-commons\2.3.9.RELEASE\spring-data-commons-2.3.9.RELEASE.jar;C:\Users\dofoleta\.m2\repository\org\springframework\spring-orm\5.2.15.RELEASE\spring-orm-5.2.15.RELEASE.jar;C:\Users\dofoleta\.m2\repository\org\springframework\spring-context\5.2.15.RELEASE\spring-context-5.2.15.RELEASE.jar;C:\Users\dofoleta\.m2\repository\org\springframework\spring-tx\5.2.15.RELEASE\spring-tx-5.2.15.RELEASE.jar;C:\Users\dofoleta\.m2\repository\org\springframework\spring-beans\5.2.15.RELEASE\spring-beans-5.2.15.RELEASE.jar;C:\Users\dofoleta\.m2\repository\org\springframework\spring-aspects\5.2.15.RELEASE\spring-aspects-5.2.15.RELEASE.jar;C:\Users\dofoleta\.m2\repository\org\springframework\boot\spring-boot-starter-validation\2.3.11.RELEASE\spring-boot-starter-validation-2.3.11.RELEASE.jar;C:\Users\dofoleta\.m2\repository\org\glassfish\jakarta.el\3.0.3\jakarta.el-3.0.3.jar;C:\Users\dofoleta\.m2\repository\org\hibernate\validator\hibernate-validator\6.1.7.Final\hibernate-validator-6.1.7.Final.jar;C:\Users\dofoleta\.m2\repository\jakarta\validation\jakarta.validation-api\2.0.2\jakarta.validation-api-2.0.2.jar;C:\Users\dofoleta\.m2\repository\org\springframework\boot\spring-boot-starter-web\2.3.11.RELEASE\spring-boot-starter-web-2.3.11.RELEASE.jar;C:\Users\dofoleta\.m2\repository\org\springframework\boot\spring-boot-starter-json\2.3.11.RELEASE\spring-boot-starter-json-2.3.11.RELEASE.jar;C:\Users\dofoleta\.m2\repository\com\fasterxml\jackson\datatype\jackson-datatype-jdk8\2.11.4\jackson-datatype-jdk8-2.11.4.jar;C:\Users\dofoleta\.m2\repository\com\fasterxml\jackson\module\jackson-module-parameter-names\2.11.4\jackson-module-parameter-names-2.11.4.jar;C:\Users\dofoleta\.m2\repository\org\springframework\boot\spring-boot-starter-tomcat\2.3.11.RELEASE\spring-boot-starter-tomcat-2.3.11.RELEASE.jar;C:\Users\dofoleta\.m2\repository\org\apache\tomcat\embed\tomcat-embed-core\9.0.46\tomcat-embed-core-9.0.46.jar;C:\Users\dofoleta\.m2\repository\org\apache\tomcat\embed\tomcat-embed-websocket\9.0.46\tomcat-embed-websocket-9.0.46.jar;C:\Users\dofoleta\.m2\repository\org\springframework\spring-web\5.2.15.RELEASE\spring-web-5.2.15.RELEASE.jar;C:\Users\dofoleta\.m2\repository\org\springframework\spring-webmvc\5.2.15.RELEASE\spring-webmvc-5.2.15.RELEASE.jar;C:\Users\dofoleta\.m2\repository\org\springframework\spring-expression\5.2.15.RELEASE\spring-expression-5.2.15.RELEASE.jar;C:\Users\dofoleta\.m2\repository\org\springframework\cloud\spring-cloud-starter-config\2.2.8.RELEASE\spring-cloud-starter-config-2.2.8.RELEASE.jar;C:\Users\dofoleta\.m2\repository\org\springframework\cloud\spring-cloud-starter\2.2.8.RELEASE\spring-cloud-starter-2.2.8.RELEASE.jar;C:\Users\dofoleta\.m2\repository\org\springframework\cloud\spring-cloud-context\2.2.8.RELEASE\spring-cloud-context-2.2.8.RELEASE.jar;C:\Users\dofoleta\.m2\repository\org\springframework\security\spring-security-rsa\1.0.9.RELEASE\spring-security-rsa-1.0.9.RELEASE.jar;C:\Users\dofoleta\.m2\repository\org\bouncycastle\bcpkix-jdk15on\1.64\bcpkix-jdk15on-1.64.jar;C:\Users\dofoleta\.m2\repository\org\bouncycastle\bcprov-jdk15on\1.64\bcprov-jdk15on-1.64.jar;C:\Users\dofoleta\.m2\repository\org\springframework\cloud\spring-cloud-config-client\2.2.8.RELEASE\spring-cloud-config-client-2.2.8.RELEASE.jar;C:\Users\dofoleta\.m2\repository\com\fasterxml\jackson\core\jackson-annotations\2.11.4\jackson-annotations-2.11.4.jar;C:\Users\dofoleta\.m2\repository\com\fasterxml\jackson\core\jackson-databind\2.11.4\jackson-databind-2.11.4.jar;C:\Users\dofoleta\.m2\repository\com\fasterxml\jackson\core\jackson-core\2.11.4\jackson-core-2.11.4.jar;C:\Users\dofoleta\.m2\repository\org\springframework\cloud\spring-cloud-starter-netflix-eureka-client\2.2.8.RELEASE\spring-cloud-starter-netflix-eureka-client-2.2.8.RELEASE.jar;C:\Users\dofoleta\.m2\repository\org\springframework\cloud\spring-cloud-netflix-hystrix\2.2.8.RELEASE\spring-cloud-netflix-hystrix-2.2.8.RELEASE.jar;C:\Users\dofoleta\.m2\repository\org\springframework\cloud\spring-cloud-netflix-eureka-client\2.2.8.RELEASE\spring-cloud-netflix-eureka-client-2.2.8.RELEASE.jar;C:\Users\dofoleta\.m2\repository\com\netflix\eureka\eureka-client\1.10.11\eureka-client-1.10.11.jar;C:\Users\dofoleta\.m2\repository\com\netflix\netflix-commons\netflix-eventbus\0.3.0\netflix-eventbus-0.3.0.jar;C:\Users\dofoleta\.m2\repository\com\netflix\netflix-commons\netflix-infix\0.3.0\netflix-infix-0.3.0.jar;C:\Users\dofoleta\.m2\repository\commons-jxpath\commons-jxpath\1.3\commons-jxpath-1.3.jar;C:\Users\dofoleta\.m2\repository\joda-time\joda-time\2.3\joda-time-2.3.jar;C:\Users\dofoleta\.m2\repository\org\antlr\antlr-runtime\3.4\antlr-runtime-3.4.jar;C:\Users\dofoleta\.m2\repository\org\antlr\stringtemplate\3.2.1\stringtemplate-3.2.1.jar;C:\Users\dofoleta\.m2\repository\org\apache\commons\commons-math\2.2\commons-math-2.2.jar;C:\Users\dofoleta\.m2\repository\com\thoughtworks\xstream\xstream\1.4.14\xstream-1.4.14.jar;C:\Users\dofoleta\.m2\repository\xmlpull\xmlpull\1.1.3.1\xmlpull-1.1.3.1.jar;C:\Users\dofoleta\.m2\repository\xpp3\xpp3_min\1.1.4c\xpp3_min-1.1.4c.jar;C:\Users\dofoleta\.m2\repository\com\netflix\archaius\archaius-core\0.7.7\archaius-core-0.7.7.jar;C:\Users\dofoleta\.m2\repository\javax\ws\rs\jsr311-api\1.1.1\jsr311-api-1.1.1.jar;C:\Users\dofoleta\.m2\repository\com\netflix\servo\servo-core\0.12.21\servo-core-0.12.21.jar;C:\Users\dofoleta\.m2\repository\com\sun\jersey\jersey-core\1.19.1\jersey-core-1.19.1.jar;C:\Users\dofoleta\.m2\repository\com\sun\jersey\jersey-client\1.19.1\jersey-client-1.19.1.jar;C:\Users\dofoleta\.m2\repository\com\sun\jersey\contribs\jersey-apache-client4\1.19.1\jersey-apache-client4-1.19.1.jar;C:\Users\dofoleta\.m2\repository\commons-configuration\commons-configuration\1.10\commons-configuration-1.10.jar;C:\Users\dofoleta\.m2\repository\commons-lang\commons-lang\2.6\commons-lang-2.6.jar;C:\Users\dofoleta\.m2\repository\com\google\inject\guice\4.1.0\guice-4.1.0.jar;C:\Users\dofoleta\.m2\repository\javax\inject\javax.inject\1\javax.inject-1.jar;C:\Users\dofoleta\.m2\repository\aopalliance\aopalliance\1.0\aopalliance-1.0.jar;C:\Users\dofoleta\.m2\repository\org\codehaus\jettison\jettison\1.4.0\jettison-1.4.0.jar;C:\Users\dofoleta\.m2\repository\com\netflix\eureka\eureka-core\1.10.11\eureka-core-1.10.11.jar;C:\Users\dofoleta\.m2\repository\com\fasterxml\woodstox\woodstox-core\5.3.0\woodstox-core-5.3.0.jar;C:\Users\dofoleta\.m2\repository\org\codehaus\woodstox\stax2-api\4.2\stax2-api-4.2.jar;C:\Users\dofoleta\.m2\repository\org\springframework\cloud\spring-cloud-starter-netflix-archaius\2.2.8.RELEASE\spring-cloud-starter-netflix-archaius-2.2.8.RELEASE.jar;C:\Users\dofoleta\.m2\repository\org\springframework\cloud\spring-cloud-netflix-archaius\2.2.8.RELEASE\spring-cloud-netflix-archaius-2.2.8.RELEASE.jar;C:\Users\dofoleta\.m2\repository\org\springframework\cloud\spring-cloud-starter-netflix-ribbon\2.2.8.RELEASE\spring-cloud-starter-netflix-ribbon-2.2.8.RELEASE.jar;C:\Users\dofoleta\.m2\repository\com\netflix\ribbon\ribbon\2.3.0\ribbon-2.3.0.jar;C:\Users\dofoleta\.m2\repository\com\netflix\ribbon\ribbon-transport\2.3.0\ribbon-transport-2.3.0.jar;C:\Users\dofoleta\.m2\repository\io\reactivex\rxnetty-contexts\0.4.9\rxnetty-contexts-0.4.9.jar;C:\Users\dofoleta\.m2\repository\io\reactivex\rxnetty-servo\0.4.9\rxnetty-servo-0.4.9.jar;C:\Users\dofoleta\.m2\repository\io\reactivex\rxnetty\0.4.9\rxnetty-0.4.9.jar;C:\Users\dofoleta\.m2\repository\com\netflix\ribbon\ribbon-core\2.3.0\ribbon-core-2.3.0.jar;C:\Users\dofoleta\.m2\repository\com\netflix\ribbon\ribbon-httpclient\2.3.0\ribbon-httpclient-2.3.0.jar;C:\Users\dofoleta\.m2\repository\commons-collections\commons-collections\3.2.2\commons-collections-3.2.2.jar;C:\Users\dofoleta\.m2\repository\com\netflix\netflix-commons\netflix-commons-util\0.3.0\netflix-commons-util-0.3.0.jar;C:\Users\dofoleta\.m2\repository\com\netflix\ribbon\ribbon-loadbalancer\2.3.0\ribbon-loadbalancer-2.3.0.jar;C:\Users\dofoleta\.m2\repository\com\netflix\netflix-commons\netflix-statistics\0.1.1\netflix-statistics-0.1.1.jar;C:\Users\dofoleta\.m2\repository\io\reactivex\rxjava\1.3.8\rxjava-1.3.8.jar;C:\Users\dofoleta\.m2\repository\org\springframework\cloud\spring-cloud-starter-loadbalancer\2.2.8.RELEASE\spring-cloud-starter-loadbalancer-2.2.8.RELEASE.jar;C:\Users\dofoleta\.m2\repository\org\springframework\cloud\spring-cloud-loadbalancer\2.2.8.RELEASE\spring-cloud-loadbalancer-2.2.8.RELEASE.jar;C:\Users\dofoleta\.m2\repository\io\projectreactor\reactor-core\3.3.17.RELEASE\reactor-core-3.3.17.RELEASE.jar;C:\Users\dofoleta\.m2\repository\io\projectreactor\addons\reactor-extra\3.3.6.RELEASE\reactor-extra-3.3.6.RELEASE.jar;C:\Users\dofoleta\.m2\repository\org\springframework\boot\spring-boot-starter-cache\2.3.11.RELEASE\spring-boot-starter-cache-2.3.11.RELEASE.jar;C:\Users\dofoleta\.m2\repository\com\stoyanr\evictor\1.0.0\evictor-1.0.0.jar;C:\Users\dofoleta\.m2\repository\com\netflix\ribbon\ribbon-eureka\2.3.0\ribbon-eureka-2.3.0.jar;C:\Users\dofoleta\.m2\repository\org\springframework\cloud\spring-cloud-starter-netflix-hystrix\2.2.8.RELEASE\spring-cloud-starter-netflix-hystrix-2.2.8.RELEASE.jar;C:\Users\dofoleta\.m2\repository\org\springframework\cloud\spring-cloud-netflix-ribbon\2.2.8.RELEASE\spring-cloud-netflix-ribbon-2.2.8.RELEASE.jar;C:\Users\dofoleta\.m2\repository\com\netflix\hystrix\hystrix-core\1.5.18\hystrix-core-1.5.18.jar;C:\Users\dofoleta\.m2\repository\com\netflix\hystrix\hystrix-serialization\1.5.18\hystrix-serialization-1.5.18.jar;C:\Users\dofoleta\.m2\repository\com\fasterxml\jackson\module\jackson-module-afterburner\2.11.4\jackson-module-afterburner-2.11.4.jar;C:\Users\dofoleta\.m2\repository\com\netflix\hystrix\hystrix-metrics-event-stream\1.5.18\hystrix-metrics-event-stream-1.5.18.jar;C:\Users\dofoleta\.m2\repository\com\netflix\hystrix\hystrix-javanica\1.5.18\hystrix-javanica-1.5.18.jar;C:\Users\dofoleta\.m2\repository\org\apache\commons\commons-lang3\3.10\commons-lang3-3.10.jar;C:\Users\dofoleta\.m2\repository\org\ow2\asm\asm\5.0.4\asm-5.0.4.jar;C:\Users\dofoleta\.m2\repository\com\google\guava\guava\30.0-jre\guava-30.0-jre.jar;C:\Users\dofoleta\.m2\repository\com\google\guava\failureaccess\1.0.1\failureaccess-1.0.1.jar;C:\Users\dofoleta\.m2\repository\com\google\guava\listenablefuture\9999.0-empty-to-avoid-conflict-with-guava\listenablefuture-9999.0-empty-to-avoid-conflict-with-guava.jar;C:\Users\dofoleta\.m2\repository\org\checkerframework\checker-qual\3.5.0\checker-qual-3.5.0.jar;C:\Users\dofoleta\.m2\repository\com\google\errorprone\error_prone_annotations\2.3.4\error_prone_annotations-2.3.4.jar;C:\Users\dofoleta\.m2\repository\com\google\j2objc\j2objc-annotations\1.3\j2objc-annotations-1.3.jar;C:\Users\dofoleta\.m2\repository\io\reactivex\rxjava-reactive-streams\1.2.1\rxjava-reactive-streams-1.2.1.jar;C:\Users\dofoleta\.m2\repository\org\reactivestreams\reactive-streams\1.0.3\reactive-streams-1.0.3.jar;C:\Users\dofoleta\.m2\repository\org\springframework\cloud\spring-cloud-starter-netflix-hystrix-dashboard\2.2.8.RELEASE\spring-cloud-starter-netflix-hystrix-dashboard-2.2.8.RELEASE.jar;C:\Users\dofoleta\.m2\repository\org\springframework\cloud\spring-cloud-netflix-hystrix-dashboard\2.2.8.RELEASE\spring-cloud-netflix-hystrix-dashboard-2.2.8.RELEASE.jar;C:\Users\dofoleta\.m2\repository\org\springframework\boot\spring-boot-starter-freemarker\2.3.11.RELEASE\spring-boot-starter-freemarker-2.3.11.RELEASE.jar;C:\Users\dofoleta\.m2\repository\org\freemarker\freemarker\2.3.31\freemarker-2.3.31.jar;C:\Users\dofoleta\.m2\repository\org\webjars\jquery\3.5.1\jquery-3.5.1.jar;C:\Users\dofoleta\.m2\repository\org\webjars\d3js\3.4.11\d3js-3.4.11.jar;C:\Users\dofoleta\.m2\repository\org\springframework\cloud\spring-cloud-starter-openfeign\2.2.8.RELEASE\spring-cloud-starter-openfeign-2.2.8.RELEASE.jar;C:\Users\dofoleta\.m2\repository\org\springframework\cloud\spring-cloud-openfeign-core\2.2.8.RELEASE\spring-cloud-openfeign-core-2.2.8.RELEASE.jar;C:\Users\dofoleta\.m2\repository\io\github\openfeign\form\feign-form-spring\3.8.0\feign-form-spring-3.8.0.jar;C:\Users\dofoleta\.m2\repository\io\github\openfeign\form\feign-form\3.8.0\feign-form-3.8.0.jar;C:\Users\dofoleta\.m2\repository\commons-fileupload\commons-fileupload\1.4\commons-fileupload-1.4.jar;C:\Users\dofoleta\.m2\repository\commons-io\commons-io\2.2\commons-io-2.2.jar;C:\Users\dofoleta\.m2\repository\org\springframework\cloud\spring-cloud-commons\2.2.8.RELEASE\spring-cloud-commons-2.2.8.RELEASE.jar;C:\Users\dofoleta\.m2\repository\org\springframework\security\spring-security-crypto\5.3.9.RELEASE\spring-security-crypto-5.3.9.RELEASE.jar;C:\Users\dofoleta\.m2\repository\io\github\openfeign\feign-core\10.12\feign-core-10.12.jar;C:\Users\dofoleta\.m2\repository\io\github\openfeign\feign-slf4j\10.12\feign-slf4j-10.12.jar;C:\Users\dofoleta\.m2\repository\io\github\openfeign\feign-hystrix\10.12\feign-hystrix-10.12.jar;C:\Users\dofoleta\.m2\repository\com\microsoft\sqlserver\mssql-jdbc\7.4.1.jre8\mssql-jdbc-7.4.1.jre8.jar;C:\Users\dofoleta\.m2\repository\com\mysql\mysql-connector-j\8.0.33\mysql-connector-j-8.0.33.jar;C:\Users\dofoleta\.m2\repository\com\google\protobuf\protobuf-java\3.14.0\protobuf-java-3.14.0.jar;C:\Users\dofoleta\.m2\repository\org\projectlombok\lombok\1.18.20\lombok-1.18.20.jar;C:\Users\dofoleta\.m2\repository\com\github\ulisesbocchio\jasypt-spring-boot-starter\3.0.0\jasypt-spring-boot-starter-3.0.0.jar;C:\Users\dofoleta\.m2\repository\com\github\ulisesbocchio\jasypt-spring-boot\3.0.0\jasypt-spring-boot-3.0.0.jar;C:\Users\dofoleta\.m2\repository\org\jasypt\jasypt\1.9.3\jasypt-1.9.3.jar;C:\Users\dofoleta\.m2\repository\com\google\code\gson\gson\2.8.6\gson-2.8.6.jar;C:\Users\dofoleta\.m2\repository\com\konghq\unirest-java\3.12.0\unirest-java-3.12.0.jar;C:\Users\dofoleta\.m2\repository\org\apache\httpcomponents\httpclient\4.5.13\httpclient-4.5.13.jar;C:\Users\dofoleta\.m2\repository\org\apache\httpcomponents\httpcore\4.4.14\httpcore-4.4.14.jar;C:\Users\dofoleta\.m2\repository\commons-codec\commons-codec\1.14\commons-codec-1.14.jar;C:\Users\dofoleta\.m2\repository\org\apache\httpcomponents\httpmime\4.5.13\httpmime-4.5.13.jar;C:\Users\dofoleta\.m2\repository\org\apache\httpcomponents\httpcore-nio\4.4.14\httpcore-nio-4.4.14.jar;C:\Users\dofoleta\.m2\repository\org\apache\httpcomponents\httpasyncclient\4.1.4\httpasyncclient-4.1.4.jar;C:\Users\dofoleta\.m2\repository\io\jsonwebtoken\jjwt\0.9.1\jjwt-0.9.1.jar;C:\Users\dofoleta\.m2\repository\org\springframework\boot\spring-boot-starter-test\2.3.11.RELEASE\spring-boot-starter-test-2.3.11.RELEASE.jar;C:\Users\dofoleta\.m2\repository\org\springframework\boot\spring-boot-test\2.3.11.RELEASE\spring-boot-test-2.3.11.RELEASE.jar;C:\Users\dofoleta\.m2\repository\org\springframework\boot\spring-boot-test-autoconfigure\2.3.11.RELEASE\spring-boot-test-autoconfigure-2.3.11.RELEASE.jar;C:\Users\dofoleta\.m2\repository\com\jayway\jsonpath\json-path\2.4.0\json-path-2.4.0.jar;C:\Users\dofoleta\.m2\repository\net\minidev\json-smart\2.3.1\json-smart-2.3.1.jar;C:\Users\dofoleta\.m2\repository\net\minidev\accessors-smart\2.3.1\accessors-smart-2.3.1.jar;C:\Users\dofoleta\.m2\repository\jakarta\xml\bind\jakarta.xml.bind-api\2.3.3\jakarta.xml.bind-api-2.3.3.jar;C:\Users\dofoleta\.m2\repository\jakarta\activation\jakarta.activation-api\1.2.2\jakarta.activation-api-1.2.2.jar;C:\Users\dofoleta\.m2\repository\org\assertj\assertj-core\3.16.1\assertj-core-3.16.1.jar;C:\Users\dofoleta\.m2\repository\org\hamcrest\hamcrest\2.2\hamcrest-2.2.jar;C:\Users\dofoleta\.m2\repository\org\junit\jupiter\junit-jupiter\5.6.3\junit-jupiter-5.6.3.jar;C:\Users\dofoleta\.m2\repository\org\junit\jupiter\junit-jupiter-api\5.6.3\junit-jupiter-api-5.6.3.jar;C:\Users\dofoleta\.m2\repository\org\apiguardian\apiguardian-api\1.1.0\apiguardian-api-1.1.0.jar;C:\Users\dofoleta\.m2\repository\org\opentest4j\opentest4j\1.2.0\opentest4j-1.2.0.jar;C:\Users\dofoleta\.m2\repository\org\junit\platform\junit-platform-commons\1.6.3\junit-platform-commons-1.6.3.jar;C:\Users\dofoleta\.m2\repository\org\junit\jupiter\junit-jupiter-params\5.6.3\junit-jupiter-params-5.6.3.jar;C:\Users\dofoleta\.m2\repository\org\junit\jupiter\junit-jupiter-engine\5.6.3\junit-jupiter-engine-5.6.3.jar;C:\Users\dofoleta\.m2\repository\org\junit\platform\junit-platform-engine\1.6.3\junit-platform-engine-1.6.3.jar;C:\Users\dofoleta\.m2\repository\org\mockito\mockito-core\3.3.3\mockito-core-3.3.3.jar;C:\Users\dofoleta\.m2\repository\net\bytebuddy\byte-buddy-agent\1.10.22\byte-buddy-agent-1.10.22.jar;C:\Users\dofoleta\.m2\repository\org\objenesis\objenesis\2.6\objenesis-2.6.jar;C:\Users\dofoleta\.m2\repository\org\mockito\mockito-junit-jupiter\3.3.3\mockito-junit-jupiter-3.3.3.jar;C:\Users\dofoleta\.m2\repository\org\skyscreamer\jsonassert\1.5.0\jsonassert-1.5.0.jar;C:\Users\dofoleta\.m2\repository\com\vaadin\external\google\android-json\0.0.20131108.vaadin1\android-json-0.0.20131108.vaadin1.jar;C:\Users\dofoleta\.m2\repository\org\springframework\spring-core\5.2.15.RELEASE\spring-core-5.2.15.RELEASE.jar;C:\Users\dofoleta\.m2\repository\org\springframework\spring-jcl\5.2.15.RELEASE\spring-jcl-5.2.15.RELEASE.jar;C:\Users\dofoleta\.m2\repository\org\springframework\spring-test\5.2.15.RELEASE\spring-test-5.2.15.RELEASE.jar;C:\Users\dofoleta\.m2\repository\org\xmlunit\xmlunit-core\2.7.0\xmlunit-core-2.7.0.jar;C:\Users\dofoleta\.m2\repository\org\apache\logging\log4j\log4j-api\2.16.0\log4j-api-2.16.0.jar;C:\Users\dofoleta\.m2\repository\org\apache\logging\log4j\log4j-core\2.16.0\log4j-core-2.16.0.jar;C:\Users\dofoleta\.m2\repository\org\apache\logging\log4j\log4j-slf4j-impl\2.16.0\log4j-slf4j-impl-2.16.0.jar;C:\Users\dofoleta\.m2\repository\org\slf4j\slf4j-api\1.7.30\slf4j-api-1.7.30.jar;C:\Users\dofoleta\.m2\repository\io\springfox\springfox-boot-starter\3.0.0\springfox-boot-starter-3.0.0.jar;C:\Users\dofoleta\.m2\repository\io\springfox\springfox-oas\3.0.0\springfox-oas-3.0.0.jar;C:\Users\dofoleta\.m2\repository\io\swagger\core\v3\swagger-annotations\2.1.2\swagger-annotations-2.1.2.jar;C:\Users\dofoleta\.m2\repository\io\swagger\core\v3\swagger-models\2.1.2\swagger-models-2.1.2.jar;C:\Users\dofoleta\.m2\repository\io\springfox\springfox-spi\3.0.0\springfox-spi-3.0.0.jar;C:\Users\dofoleta\.m2\repository\io\springfox\springfox-schema\3.0.0\springfox-schema-3.0.0.jar;C:\Users\dofoleta\.m2\repository\io\springfox\springfox-core\3.0.0\springfox-core-3.0.0.jar;C:\Users\dofoleta\.m2\repository\io\springfox\springfox-spring-web\3.0.0\springfox-spring-web-3.0.0.jar;C:\Users\dofoleta\.m2\repository\io\github\classgraph\classgraph\4.8.83\classgraph-4.8.83.jar;C:\Users\dofoleta\.m2\repository\io\springfox\springfox-spring-webmvc\3.0.0\springfox-spring-webmvc-3.0.0.jar;C:\Users\dofoleta\.m2\repository\io\springfox\springfox-spring-webflux\3.0.0\springfox-spring-webflux-3.0.0.jar;C:\Users\dofoleta\.m2\repository\io\springfox\springfox-swagger-common\3.0.0\springfox-swagger-common-3.0.0.jar;C:\Users\dofoleta\.m2\repository\org\mapstruct\mapstruct\1.3.1.Final\mapstruct-1.3.1.Final.jar;C:\Users\dofoleta\.m2\repository\io\springfox\springfox-data-rest\3.0.0\springfox-data-rest-3.0.0.jar;C:\Users\dofoleta\.m2\repository\io\springfox\springfox-bean-validators\3.0.0\springfox-bean-validators-3.0.0.jar;C:\Users\dofoleta\.m2\repository\io\springfox\springfox-swagger2\3.0.0\springfox-swagger2-3.0.0.jar;C:\Users\dofoleta\.m2\repository\io\swagger\swagger-annotations\1.5.20\swagger-annotations-1.5.20.jar;C:\Users\dofoleta\.m2\repository\io\swagger\swagger-models\1.5.20\swagger-models-1.5.20.jar;C:\Users\dofoleta\.m2\repository\io\springfox\springfox-swagger-ui\3.0.0\springfox-swagger-ui-3.0.0.jar;C:\Users\dofoleta\.m2\repository\com\fasterxml\classmate\1.5.1\classmate-1.5.1.jar;C:\Users\dofoleta\.m2\repository\org\springframework\plugin\spring-plugin-core\2.0.0.RELEASE\spring-plugin-core-2.0.0.RELEASE.jar;C:\Users\dofoleta\.m2\repository\org\springframework\plugin\spring-plugin-metadata\2.0.0.RELEASE\spring-plugin-metadata-2.0.0.RELEASE.jar;C:\Users\dofoleta\.m2\repository\org\springframework\boot\spring-boot-starter-mail\2.3.11.RELEASE\spring-boot-starter-mail-2.3.11.RELEASE.jar;C:\Users\dofoleta\.m2\repository\org\springframework\spring-context-support\5.2.15.RELEASE\spring-context-support-5.2.15.RELEASE.jar;C:\Users\dofoleta\.m2\repository\com\sun\mail\jakarta.mail\1.6.7\jakarta.mail-1.6.7.jar;C:\Users\dofoleta\.m2\repository\com\sun\activation\jakarta.activation\1.2.2\jakarta.activation-1.2.2.jar;"/>
    <property name="java.vm.vendor" value="Oracle Corporation"/>
    <property name="sun.arch.data.model" value="64"/>
    <property name="user.variant" value=""/>
    <property name="java.vendor.url" value="https://openjdk.java.net/"/>
    <property name="user.timezone" value="Africa/Luanda"/>
    <property name="user.country.format" value="NG"/>
    <property name="java.vm.specification.version" value="11"/>
    <property name="os.name" value="Windows 10"/>
    <property name="user.country" value="US"/>
    <property name="sun.java.launcher" value="SUN_STANDARD"/>
    <property name="sun.boot.library.path" value="C:\Program Files\Java\jdk-11.0.17\bin"/>
    <property name="sun.java.command" value="C:\Users\dofoleta\AppData\Local\Temp\surefire18358115717193413279\surefirebooter4721864280647937931.jar C:\Users\dofoleta\AppData\Local\Temp\surefire18358115717193413279 2023-08-18T16-48-27_020-jvmRun1 surefire16670921720075241601tmp surefire_08725576115657115225tmp"/>
    <property name="jdk.debug" value="release"/>
    <property name="surefire.test.class.path" value="C:\Techplanet\Development\ExpertBridge\fusionms\target\test-classes;C:\Techplanet\Development\ExpertBridge\fusionms\target\classes;C:\Users\dofoleta\.m2\repository\org\springframework\boot\spring-boot-starter-actuator\2.3.11.RELEASE\spring-boot-starter-actuator-2.3.11.RELEASE.jar;C:\Users\dofoleta\.m2\repository\org\springframework\boot\spring-boot-starter\2.3.11.RELEASE\spring-boot-starter-2.3.11.RELEASE.jar;C:\Users\dofoleta\.m2\repository\org\springframework\boot\spring-boot\2.3.11.RELEASE\spring-boot-2.3.11.RELEASE.jar;C:\Users\dofoleta\.m2\repository\org\springframework\boot\spring-boot-autoconfigure\2.3.11.RELEASE\spring-boot-autoconfigure-2.3.11.RELEASE.jar;C:\Users\dofoleta\.m2\repository\org\springframework\boot\spring-boot-starter-logging\2.3.11.RELEASE\spring-boot-starter-logging-2.3.11.RELEASE.jar;C:\Users\dofoleta\.m2\repository\ch\qos\logback\logback-classic\1.2.3\logback-classic-1.2.3.jar;C:\Users\dofoleta\.m2\repository\ch\qos\logback\logback-core\1.2.3\logback-core-1.2.3.jar;C:\Users\dofoleta\.m2\repository\org\apache\logging\log4j\log4j-to-slf4j\2.13.3\log4j-to-slf4j-2.13.3.jar;C:\Users\dofoleta\.m2\repository\org\slf4j\jul-to-slf4j\1.7.30\jul-to-slf4j-1.7.30.jar;C:\Users\dofoleta\.m2\repository\jakarta\annotation\jakarta.annotation-api\1.3.5\jakarta.annotation-api-1.3.5.jar;C:\Users\dofoleta\.m2\repository\org\yaml\snakeyaml\1.26\snakeyaml-1.26.jar;C:\Users\dofoleta\.m2\repository\org\springframework\boot\spring-boot-actuator-autoconfigure\2.3.11.RELEASE\spring-boot-actuator-autoconfigure-2.3.11.RELEASE.jar;C:\Users\dofoleta\.m2\repository\org\springframework\boot\spring-boot-actuator\2.3.11.RELEASE\spring-boot-actuator-2.3.11.RELEASE.jar;C:\Users\dofoleta\.m2\repository\com\fasterxml\jackson\datatype\jackson-datatype-jsr310\2.11.4\jackson-datatype-jsr310-2.11.4.jar;C:\Users\dofoleta\.m2\repository\io\micrometer\micrometer-core\1.5.14\micrometer-core-1.5.14.jar;C:\Users\dofoleta\.m2\repository\org\hdrhistogram\HdrHistogram\2.1.12\HdrHistogram-2.1.12.jar;C:\Users\dofoleta\.m2\repository\org\latencyutils\LatencyUtils\2.0.3\LatencyUtils-2.0.3.jar;C:\Users\dofoleta\.m2\repository\org\springframework\boot\spring-boot-starter-data-jpa\2.3.11.RELEASE\spring-boot-starter-data-jpa-2.3.11.RELEASE.jar;C:\Users\dofoleta\.m2\repository\org\springframework\boot\spring-boot-starter-aop\2.3.11.RELEASE\spring-boot-starter-aop-2.3.11.RELEASE.jar;C:\Users\dofoleta\.m2\repository\org\springframework\spring-aop\5.2.15.RELEASE\spring-aop-5.2.15.RELEASE.jar;C:\Users\dofoleta\.m2\repository\org\aspectj\aspectjweaver\1.9.6\aspectjweaver-1.9.6.jar;C:\Users\dofoleta\.m2\repository\org\springframework\boot\spring-boot-starter-jdbc\2.3.11.RELEASE\spring-boot-starter-jdbc-2.3.11.RELEASE.jar;C:\Users\dofoleta\.m2\repository\com\zaxxer\HikariCP\3.4.5\HikariCP-3.4.5.jar;C:\Users\dofoleta\.m2\repository\org\springframework\spring-jdbc\5.2.15.RELEASE\spring-jdbc-5.2.15.RELEASE.jar;C:\Users\dofoleta\.m2\repository\jakarta\transaction\jakarta.transaction-api\1.3.3\jakarta.transaction-api-1.3.3.jar;C:\Users\dofoleta\.m2\repository\jakarta\persistence\jakarta.persistence-api\2.2.3\jakarta.persistence-api-2.2.3.jar;C:\Users\dofoleta\.m2\repository\org\hibernate\hibernate-core\5.4.31.Final\hibernate-core-5.4.31.Final.jar;C:\Users\dofoleta\.m2\repository\org\jboss\logging\jboss-logging\3.4.1.Final\jboss-logging-3.4.1.Final.jar;C:\Users\dofoleta\.m2\repository\org\javassist\javassist\3.27.0-GA\javassist-3.27.0-GA.jar;C:\Users\dofoleta\.m2\repository\net\bytebuddy\byte-buddy\1.10.22\byte-buddy-1.10.22.jar;C:\Users\dofoleta\.m2\repository\antlr\antlr\2.7.7\antlr-2.7.7.jar;C:\Users\dofoleta\.m2\repository\org\jboss\jandex\2.2.3.Final\jandex-2.2.3.Final.jar;C:\Users\dofoleta\.m2\repository\org\dom4j\dom4j\2.1.3\dom4j-2.1.3.jar;C:\Users\dofoleta\.m2\repository\org\hibernate\common\hibernate-commons-annotations\5.1.2.Final\hibernate-commons-annotations-5.1.2.Final.jar;C:\Users\dofoleta\.m2\repository\org\glassfish\jaxb\jaxb-runtime\2.3.4\jaxb-runtime-2.3.4.jar;C:\Users\dofoleta\.m2\repository\org\glassfish\jaxb\txw2\2.3.4\txw2-2.3.4.jar;C:\Users\dofoleta\.m2\repository\com\sun\istack\istack-commons-runtime\3.0.12\istack-commons-runtime-3.0.12.jar;C:\Users\dofoleta\.m2\repository\org\springframework\data\spring-data-jpa\2.3.9.RELEASE\spring-data-jpa-2.3.9.RELEASE.jar;C:\Users\dofoleta\.m2\repository\org\springframework\data\spring-data-commons\2.3.9.RELEASE\spring-data-commons-2.3.9.RELEASE.jar;C:\Users\dofoleta\.m2\repository\org\springframework\spring-orm\5.2.15.RELEASE\spring-orm-5.2.15.RELEASE.jar;C:\Users\dofoleta\.m2\repository\org\springframework\spring-context\5.2.15.RELEASE\spring-context-5.2.15.RELEASE.jar;C:\Users\dofoleta\.m2\repository\org\springframework\spring-tx\5.2.15.RELEASE\spring-tx-5.2.15.RELEASE.jar;C:\Users\dofoleta\.m2\repository\org\springframework\spring-beans\5.2.15.RELEASE\spring-beans-5.2.15.RELEASE.jar;C:\Users\dofoleta\.m2\repository\org\springframework\spring-aspects\5.2.15.RELEASE\spring-aspects-5.2.15.RELEASE.jar;C:\Users\dofoleta\.m2\repository\org\springframework\boot\spring-boot-starter-validation\2.3.11.RELEASE\spring-boot-starter-validation-2.3.11.RELEASE.jar;C:\Users\dofoleta\.m2\repository\org\glassfish\jakarta.el\3.0.3\jakarta.el-3.0.3.jar;C:\Users\dofoleta\.m2\repository\org\hibernate\validator\hibernate-validator\6.1.7.Final\hibernate-validator-6.1.7.Final.jar;C:\Users\dofoleta\.m2\repository\jakarta\validation\jakarta.validation-api\2.0.2\jakarta.validation-api-2.0.2.jar;C:\Users\dofoleta\.m2\repository\org\springframework\boot\spring-boot-starter-web\2.3.11.RELEASE\spring-boot-starter-web-2.3.11.RELEASE.jar;C:\Users\dofoleta\.m2\repository\org\springframework\boot\spring-boot-starter-json\2.3.11.RELEASE\spring-boot-starter-json-2.3.11.RELEASE.jar;C:\Users\dofoleta\.m2\repository\com\fasterxml\jackson\datatype\jackson-datatype-jdk8\2.11.4\jackson-datatype-jdk8-2.11.4.jar;C:\Users\dofoleta\.m2\repository\com\fasterxml\jackson\module\jackson-module-parameter-names\2.11.4\jackson-module-parameter-names-2.11.4.jar;C:\Users\dofoleta\.m2\repository\org\springframework\boot\spring-boot-starter-tomcat\2.3.11.RELEASE\spring-boot-starter-tomcat-2.3.11.RELEASE.jar;C:\Users\dofoleta\.m2\repository\org\apache\tomcat\embed\tomcat-embed-core\9.0.46\tomcat-embed-core-9.0.46.jar;C:\Users\dofoleta\.m2\repository\org\apache\tomcat\embed\tomcat-embed-websocket\9.0.46\tomcat-embed-websocket-9.0.46.jar;C:\Users\dofoleta\.m2\repository\org\springframework\spring-web\5.2.15.RELEASE\spring-web-5.2.15.RELEASE.jar;C:\Users\dofoleta\.m2\repository\org\springframework\spring-webmvc\5.2.15.RELEASE\spring-webmvc-5.2.15.RELEASE.jar;C:\Users\dofoleta\.m2\repository\org\springframework\spring-expression\5.2.15.RELEASE\spring-expression-5.2.15.RELEASE.jar;C:\Users\dofoleta\.m2\repository\org\springframework\cloud\spring-cloud-starter-config\2.2.8.RELEASE\spring-cloud-starter-config-2.2.8.RELEASE.jar;C:\Users\dofoleta\.m2\repository\org\springframework\cloud\spring-cloud-starter\2.2.8.RELEASE\spring-cloud-starter-2.2.8.RELEASE.jar;C:\Users\dofoleta\.m2\repository\org\springframework\cloud\spring-cloud-context\2.2.8.RELEASE\spring-cloud-context-2.2.8.RELEASE.jar;C:\Users\dofoleta\.m2\repository\org\springframework\security\spring-security-rsa\1.0.9.RELEASE\spring-security-rsa-1.0.9.RELEASE.jar;C:\Users\dofoleta\.m2\repository\org\bouncycastle\bcpkix-jdk15on\1.64\bcpkix-jdk15on-1.64.jar;C:\Users\dofoleta\.m2\repository\org\bouncycastle\bcprov-jdk15on\1.64\bcprov-jdk15on-1.64.jar;C:\Users\dofoleta\.m2\repository\org\springframework\cloud\spring-cloud-config-client\2.2.8.RELEASE\spring-cloud-config-client-2.2.8.RELEASE.jar;C:\Users\dofoleta\.m2\repository\com\fasterxml\jackson\core\jackson-annotations\2.11.4\jackson-annotations-2.11.4.jar;C:\Users\dofoleta\.m2\repository\com\fasterxml\jackson\core\jackson-databind\2.11.4\jackson-databind-2.11.4.jar;C:\Users\dofoleta\.m2\repository\com\fasterxml\jackson\core\jackson-core\2.11.4\jackson-core-2.11.4.jar;C:\Users\dofoleta\.m2\repository\org\springframework\cloud\spring-cloud-starter-netflix-eureka-client\2.2.8.RELEASE\spring-cloud-starter-netflix-eureka-client-2.2.8.RELEASE.jar;C:\Users\dofoleta\.m2\repository\org\springframework\cloud\spring-cloud-netflix-hystrix\2.2.8.RELEASE\spring-cloud-netflix-hystrix-2.2.8.RELEASE.jar;C:\Users\dofoleta\.m2\repository\org\springframework\cloud\spring-cloud-netflix-eureka-client\2.2.8.RELEASE\spring-cloud-netflix-eureka-client-2.2.8.RELEASE.jar;C:\Users\dofoleta\.m2\repository\com\netflix\eureka\eureka-client\1.10.11\eureka-client-1.10.11.jar;C:\Users\dofoleta\.m2\repository\com\netflix\netflix-commons\netflix-eventbus\0.3.0\netflix-eventbus-0.3.0.jar;C:\Users\dofoleta\.m2\repository\com\netflix\netflix-commons\netflix-infix\0.3.0\netflix-infix-0.3.0.jar;C:\Users\dofoleta\.m2\repository\commons-jxpath\commons-jxpath\1.3\commons-jxpath-1.3.jar;C:\Users\dofoleta\.m2\repository\joda-time\joda-time\2.3\joda-time-2.3.jar;C:\Users\dofoleta\.m2\repository\org\antlr\antlr-runtime\3.4\antlr-runtime-3.4.jar;C:\Users\dofoleta\.m2\repository\org\antlr\stringtemplate\3.2.1\stringtemplate-3.2.1.jar;C:\Users\dofoleta\.m2\repository\org\apache\commons\commons-math\2.2\commons-math-2.2.jar;C:\Users\dofoleta\.m2\repository\com\thoughtworks\xstream\xstream\1.4.14\xstream-1.4.14.jar;C:\Users\dofoleta\.m2\repository\xmlpull\xmlpull\1.1.3.1\xmlpull-1.1.3.1.jar;C:\Users\dofoleta\.m2\repository\xpp3\xpp3_min\1.1.4c\xpp3_min-1.1.4c.jar;C:\Users\dofoleta\.m2\repository\com\netflix\archaius\archaius-core\0.7.7\archaius-core-0.7.7.jar;C:\Users\dofoleta\.m2\repository\javax\ws\rs\jsr311-api\1.1.1\jsr311-api-1.1.1.jar;C:\Users\dofoleta\.m2\repository\com\netflix\servo\servo-core\0.12.21\servo-core-0.12.21.jar;C:\Users\dofoleta\.m2\repository\com\sun\jersey\jersey-core\1.19.1\jersey-core-1.19.1.jar;C:\Users\dofoleta\.m2\repository\com\sun\jersey\jersey-client\1.19.1\jersey-client-1.19.1.jar;C:\Users\dofoleta\.m2\repository\com\sun\jersey\contribs\jersey-apache-client4\1.19.1\jersey-apache-client4-1.19.1.jar;C:\Users\dofoleta\.m2\repository\commons-configuration\commons-configuration\1.10\commons-configuration-1.10.jar;C:\Users\dofoleta\.m2\repository\commons-lang\commons-lang\2.6\commons-lang-2.6.jar;C:\Users\dofoleta\.m2\repository\com\google\inject\guice\4.1.0\guice-4.1.0.jar;C:\Users\dofoleta\.m2\repository\javax\inject\javax.inject\1\javax.inject-1.jar;C:\Users\dofoleta\.m2\repository\aopalliance\aopalliance\1.0\aopalliance-1.0.jar;C:\Users\dofoleta\.m2\repository\org\codehaus\jettison\jettison\1.4.0\jettison-1.4.0.jar;C:\Users\dofoleta\.m2\repository\com\netflix\eureka\eureka-core\1.10.11\eureka-core-1.10.11.jar;C:\Users\dofoleta\.m2\repository\com\fasterxml\woodstox\woodstox-core\5.3.0\woodstox-core-5.3.0.jar;C:\Users\dofoleta\.m2\repository\org\codehaus\woodstox\stax2-api\4.2\stax2-api-4.2.jar;C:\Users\dofoleta\.m2\repository\org\springframework\cloud\spring-cloud-starter-netflix-archaius\2.2.8.RELEASE\spring-cloud-starter-netflix-archaius-2.2.8.RELEASE.jar;C:\Users\dofoleta\.m2\repository\org\springframework\cloud\spring-cloud-netflix-archaius\2.2.8.RELEASE\spring-cloud-netflix-archaius-2.2.8.RELEASE.jar;C:\Users\dofoleta\.m2\repository\org\springframework\cloud\spring-cloud-starter-netflix-ribbon\2.2.8.RELEASE\spring-cloud-starter-netflix-ribbon-2.2.8.RELEASE.jar;C:\Users\dofoleta\.m2\repository\com\netflix\ribbon\ribbon\2.3.0\ribbon-2.3.0.jar;C:\Users\dofoleta\.m2\repository\com\netflix\ribbon\ribbon-transport\2.3.0\ribbon-transport-2.3.0.jar;C:\Users\dofoleta\.m2\repository\io\reactivex\rxnetty-contexts\0.4.9\rxnetty-contexts-0.4.9.jar;C:\Users\dofoleta\.m2\repository\io\reactivex\rxnetty-servo\0.4.9\rxnetty-servo-0.4.9.jar;C:\Users\dofoleta\.m2\repository\io\reactivex\rxnetty\0.4.9\rxnetty-0.4.9.jar;C:\Users\dofoleta\.m2\repository\com\netflix\ribbon\ribbon-core\2.3.0\ribbon-core-2.3.0.jar;C:\Users\dofoleta\.m2\repository\com\netflix\ribbon\ribbon-httpclient\2.3.0\ribbon-httpclient-2.3.0.jar;C:\Users\dofoleta\.m2\repository\commons-collections\commons-collections\3.2.2\commons-collections-3.2.2.jar;C:\Users\dofoleta\.m2\repository\com\netflix\netflix-commons\netflix-commons-util\0.3.0\netflix-commons-util-0.3.0.jar;C:\Users\dofoleta\.m2\repository\com\netflix\ribbon\ribbon-loadbalancer\2.3.0\ribbon-loadbalancer-2.3.0.jar;C:\Users\dofoleta\.m2\repository\com\netflix\netflix-commons\netflix-statistics\0.1.1\netflix-statistics-0.1.1.jar;C:\Users\dofoleta\.m2\repository\io\reactivex\rxjava\1.3.8\rxjava-1.3.8.jar;C:\Users\dofoleta\.m2\repository\org\springframework\cloud\spring-cloud-starter-loadbalancer\2.2.8.RELEASE\spring-cloud-starter-loadbalancer-2.2.8.RELEASE.jar;C:\Users\dofoleta\.m2\repository\org\springframework\cloud\spring-cloud-loadbalancer\2.2.8.RELEASE\spring-cloud-loadbalancer-2.2.8.RELEASE.jar;C:\Users\dofoleta\.m2\repository\io\projectreactor\reactor-core\3.3.17.RELEASE\reactor-core-3.3.17.RELEASE.jar;C:\Users\dofoleta\.m2\repository\io\projectreactor\addons\reactor-extra\3.3.6.RELEASE\reactor-extra-3.3.6.RELEASE.jar;C:\Users\dofoleta\.m2\repository\org\springframework\boot\spring-boot-starter-cache\2.3.11.RELEASE\spring-boot-starter-cache-2.3.11.RELEASE.jar;C:\Users\dofoleta\.m2\repository\com\stoyanr\evictor\1.0.0\evictor-1.0.0.jar;C:\Users\dofoleta\.m2\repository\com\netflix\ribbon\ribbon-eureka\2.3.0\ribbon-eureka-2.3.0.jar;C:\Users\dofoleta\.m2\repository\org\springframework\cloud\spring-cloud-starter-netflix-hystrix\2.2.8.RELEASE\spring-cloud-starter-netflix-hystrix-2.2.8.RELEASE.jar;C:\Users\dofoleta\.m2\repository\org\springframework\cloud\spring-cloud-netflix-ribbon\2.2.8.RELEASE\spring-cloud-netflix-ribbon-2.2.8.RELEASE.jar;C:\Users\dofoleta\.m2\repository\com\netflix\hystrix\hystrix-core\1.5.18\hystrix-core-1.5.18.jar;C:\Users\dofoleta\.m2\repository\com\netflix\hystrix\hystrix-serialization\1.5.18\hystrix-serialization-1.5.18.jar;C:\Users\dofoleta\.m2\repository\com\fasterxml\jackson\module\jackson-module-afterburner\2.11.4\jackson-module-afterburner-2.11.4.jar;C:\Users\dofoleta\.m2\repository\com\netflix\hystrix\hystrix-metrics-event-stream\1.5.18\hystrix-metrics-event-stream-1.5.18.jar;C:\Users\dofoleta\.m2\repository\com\netflix\hystrix\hystrix-javanica\1.5.18\hystrix-javanica-1.5.18.jar;C:\Users\dofoleta\.m2\repository\org\apache\commons\commons-lang3\3.10\commons-lang3-3.10.jar;C:\Users\dofoleta\.m2\repository\org\ow2\asm\asm\5.0.4\asm-5.0.4.jar;C:\Users\dofoleta\.m2\repository\com\google\guava\guava\30.0-jre\guava-30.0-jre.jar;C:\Users\dofoleta\.m2\repository\com\google\guava\failureaccess\1.0.1\failureaccess-1.0.1.jar;C:\Users\dofoleta\.m2\repository\com\google\guava\listenablefuture\9999.0-empty-to-avoid-conflict-with-guava\listenablefuture-9999.0-empty-to-avoid-conflict-with-guava.jar;C:\Users\dofoleta\.m2\repository\org\checkerframework\checker-qual\3.5.0\checker-qual-3.5.0.jar;C:\Users\dofoleta\.m2\repository\com\google\errorprone\error_prone_annotations\2.3.4\error_prone_annotations-2.3.4.jar;C:\Users\dofoleta\.m2\repository\com\google\j2objc\j2objc-annotations\1.3\j2objc-annotations-1.3.jar;C:\Users\dofoleta\.m2\repository\io\reactivex\rxjava-reactive-streams\1.2.1\rxjava-reactive-streams-1.2.1.jar;C:\Users\dofoleta\.m2\repository\org\reactivestreams\reactive-streams\1.0.3\reactive-streams-1.0.3.jar;C:\Users\dofoleta\.m2\repository\org\springframework\cloud\spring-cloud-starter-netflix-hystrix-dashboard\2.2.8.RELEASE\spring-cloud-starter-netflix-hystrix-dashboard-2.2.8.RELEASE.jar;C:\Users\dofoleta\.m2\repository\org\springframework\cloud\spring-cloud-netflix-hystrix-dashboard\2.2.8.RELEASE\spring-cloud-netflix-hystrix-dashboard-2.2.8.RELEASE.jar;C:\Users\dofoleta\.m2\repository\org\springframework\boot\spring-boot-starter-freemarker\2.3.11.RELEASE\spring-boot-starter-freemarker-2.3.11.RELEASE.jar;C:\Users\dofoleta\.m2\repository\org\freemarker\freemarker\2.3.31\freemarker-2.3.31.jar;C:\Users\dofoleta\.m2\repository\org\webjars\jquery\3.5.1\jquery-3.5.1.jar;C:\Users\dofoleta\.m2\repository\org\webjars\d3js\3.4.11\d3js-3.4.11.jar;C:\Users\dofoleta\.m2\repository\org\springframework\cloud\spring-cloud-starter-openfeign\2.2.8.RELEASE\spring-cloud-starter-openfeign-2.2.8.RELEASE.jar;C:\Users\dofoleta\.m2\repository\org\springframework\cloud\spring-cloud-openfeign-core\2.2.8.RELEASE\spring-cloud-openfeign-core-2.2.8.RELEASE.jar;C:\Users\dofoleta\.m2\repository\io\github\openfeign\form\feign-form-spring\3.8.0\feign-form-spring-3.8.0.jar;C:\Users\dofoleta\.m2\repository\io\github\openfeign\form\feign-form\3.8.0\feign-form-3.8.0.jar;C:\Users\dofoleta\.m2\repository\commons-fileupload\commons-fileupload\1.4\commons-fileupload-1.4.jar;C:\Users\dofoleta\.m2\repository\commons-io\commons-io\2.2\commons-io-2.2.jar;C:\Users\dofoleta\.m2\repository\org\springframework\cloud\spring-cloud-commons\2.2.8.RELEASE\spring-cloud-commons-2.2.8.RELEASE.jar;C:\Users\dofoleta\.m2\repository\org\springframework\security\spring-security-crypto\5.3.9.RELEASE\spring-security-crypto-5.3.9.RELEASE.jar;C:\Users\dofoleta\.m2\repository\io\github\openfeign\feign-core\10.12\feign-core-10.12.jar;C:\Users\dofoleta\.m2\repository\io\github\openfeign\feign-slf4j\10.12\feign-slf4j-10.12.jar;C:\Users\dofoleta\.m2\repository\io\github\openfeign\feign-hystrix\10.12\feign-hystrix-10.12.jar;C:\Users\dofoleta\.m2\repository\com\microsoft\sqlserver\mssql-jdbc\7.4.1.jre8\mssql-jdbc-7.4.1.jre8.jar;C:\Users\dofoleta\.m2\repository\com\mysql\mysql-connector-j\8.0.33\mysql-connector-j-8.0.33.jar;C:\Users\dofoleta\.m2\repository\com\google\protobuf\protobuf-java\3.14.0\protobuf-java-3.14.0.jar;C:\Users\dofoleta\.m2\repository\org\projectlombok\lombok\1.18.20\lombok-1.18.20.jar;C:\Users\dofoleta\.m2\repository\com\github\ulisesbocchio\jasypt-spring-boot-starter\3.0.0\jasypt-spring-boot-starter-3.0.0.jar;C:\Users\dofoleta\.m2\repository\com\github\ulisesbocchio\jasypt-spring-boot\3.0.0\jasypt-spring-boot-3.0.0.jar;C:\Users\dofoleta\.m2\repository\org\jasypt\jasypt\1.9.3\jasypt-1.9.3.jar;C:\Users\dofoleta\.m2\repository\com\google\code\gson\gson\2.8.6\gson-2.8.6.jar;C:\Users\dofoleta\.m2\repository\com\konghq\unirest-java\3.12.0\unirest-java-3.12.0.jar;C:\Users\dofoleta\.m2\repository\org\apache\httpcomponents\httpclient\4.5.13\httpclient-4.5.13.jar;C:\Users\dofoleta\.m2\repository\org\apache\httpcomponents\httpcore\4.4.14\httpcore-4.4.14.jar;C:\Users\dofoleta\.m2\repository\commons-codec\commons-codec\1.14\commons-codec-1.14.jar;C:\Users\dofoleta\.m2\repository\org\apache\httpcomponents\httpmime\4.5.13\httpmime-4.5.13.jar;C:\Users\dofoleta\.m2\repository\org\apache\httpcomponents\httpcore-nio\4.4.14\httpcore-nio-4.4.14.jar;C:\Users\dofoleta\.m2\repository\org\apache\httpcomponents\httpasyncclient\4.1.4\httpasyncclient-4.1.4.jar;C:\Users\dofoleta\.m2\repository\io\jsonwebtoken\jjwt\0.9.1\jjwt-0.9.1.jar;C:\Users\dofoleta\.m2\repository\org\springframework\boot\spring-boot-starter-test\2.3.11.RELEASE\spring-boot-starter-test-2.3.11.RELEASE.jar;C:\Users\dofoleta\.m2\repository\org\springframework\boot\spring-boot-test\2.3.11.RELEASE\spring-boot-test-2.3.11.RELEASE.jar;C:\Users\dofoleta\.m2\repository\org\springframework\boot\spring-boot-test-autoconfigure\2.3.11.RELEASE\spring-boot-test-autoconfigure-2.3.11.RELEASE.jar;C:\Users\dofoleta\.m2\repository\com\jayway\jsonpath\json-path\2.4.0\json-path-2.4.0.jar;C:\Users\dofoleta\.m2\repository\net\minidev\json-smart\2.3.1\json-smart-2.3.1.jar;C:\Users\dofoleta\.m2\repository\net\minidev\accessors-smart\2.3.1\accessors-smart-2.3.1.jar;C:\Users\dofoleta\.m2\repository\jakarta\xml\bind\jakarta.xml.bind-api\2.3.3\jakarta.xml.bind-api-2.3.3.jar;C:\Users\dofoleta\.m2\repository\jakarta\activation\jakarta.activation-api\1.2.2\jakarta.activation-api-1.2.2.jar;C:\Users\dofoleta\.m2\repository\org\assertj\assertj-core\3.16.1\assertj-core-3.16.1.jar;C:\Users\dofoleta\.m2\repository\org\hamcrest\hamcrest\2.2\hamcrest-2.2.jar;C:\Users\dofoleta\.m2\repository\org\junit\jupiter\junit-jupiter\5.6.3\junit-jupiter-5.6.3.jar;C:\Users\dofoleta\.m2\repository\org\junit\jupiter\junit-jupiter-api\5.6.3\junit-jupiter-api-5.6.3.jar;C:\Users\dofoleta\.m2\repository\org\apiguardian\apiguardian-api\1.1.0\apiguardian-api-1.1.0.jar;C:\Users\dofoleta\.m2\repository\org\opentest4j\opentest4j\1.2.0\opentest4j-1.2.0.jar;C:\Users\dofoleta\.m2\repository\org\junit\platform\junit-platform-commons\1.6.3\junit-platform-commons-1.6.3.jar;C:\Users\dofoleta\.m2\repository\org\junit\jupiter\junit-jupiter-params\5.6.3\junit-jupiter-params-5.6.3.jar;C:\Users\dofoleta\.m2\repository\org\junit\jupiter\junit-jupiter-engine\5.6.3\junit-jupiter-engine-5.6.3.jar;C:\Users\dofoleta\.m2\repository\org\junit\platform\junit-platform-engine\1.6.3\junit-platform-engine-1.6.3.jar;C:\Users\dofoleta\.m2\repository\org\mockito\mockito-core\3.3.3\mockito-core-3.3.3.jar;C:\Users\dofoleta\.m2\repository\net\bytebuddy\byte-buddy-agent\1.10.22\byte-buddy-agent-1.10.22.jar;C:\Users\dofoleta\.m2\repository\org\objenesis\objenesis\2.6\objenesis-2.6.jar;C:\Users\dofoleta\.m2\repository\org\mockito\mockito-junit-jupiter\3.3.3\mockito-junit-jupiter-3.3.3.jar;C:\Users\dofoleta\.m2\repository\org\skyscreamer\jsonassert\1.5.0\jsonassert-1.5.0.jar;C:\Users\dofoleta\.m2\repository\com\vaadin\external\google\android-json\0.0.20131108.vaadin1\android-json-0.0.20131108.vaadin1.jar;C:\Users\dofoleta\.m2\repository\org\springframework\spring-core\5.2.15.RELEASE\spring-core-5.2.15.RELEASE.jar;C:\Users\dofoleta\.m2\repository\org\springframework\spring-jcl\5.2.15.RELEASE\spring-jcl-5.2.15.RELEASE.jar;C:\Users\dofoleta\.m2\repository\org\springframework\spring-test\5.2.15.RELEASE\spring-test-5.2.15.RELEASE.jar;C:\Users\dofoleta\.m2\repository\org\xmlunit\xmlunit-core\2.7.0\xmlunit-core-2.7.0.jar;C:\Users\dofoleta\.m2\repository\org\apache\logging\log4j\log4j-api\2.16.0\log4j-api-2.16.0.jar;C:\Users\dofoleta\.m2\repository\org\apache\logging\log4j\log4j-core\2.16.0\log4j-core-2.16.0.jar;C:\Users\dofoleta\.m2\repository\org\apache\logging\log4j\log4j-slf4j-impl\2.16.0\log4j-slf4j-impl-2.16.0.jar;C:\Users\dofoleta\.m2\repository\org\slf4j\slf4j-api\1.7.30\slf4j-api-1.7.30.jar;C:\Users\dofoleta\.m2\repository\io\springfox\springfox-boot-starter\3.0.0\springfox-boot-starter-3.0.0.jar;C:\Users\dofoleta\.m2\repository\io\springfox\springfox-oas\3.0.0\springfox-oas-3.0.0.jar;C:\Users\dofoleta\.m2\repository\io\swagger\core\v3\swagger-annotations\2.1.2\swagger-annotations-2.1.2.jar;C:\Users\dofoleta\.m2\repository\io\swagger\core\v3\swagger-models\2.1.2\swagger-models-2.1.2.jar;C:\Users\dofoleta\.m2\repository\io\springfox\springfox-spi\3.0.0\springfox-spi-3.0.0.jar;C:\Users\dofoleta\.m2\repository\io\springfox\springfox-schema\3.0.0\springfox-schema-3.0.0.jar;C:\Users\dofoleta\.m2\repository\io\springfox\springfox-core\3.0.0\springfox-core-3.0.0.jar;C:\Users\dofoleta\.m2\repository\io\springfox\springfox-spring-web\3.0.0\springfox-spring-web-3.0.0.jar;C:\Users\dofoleta\.m2\repository\io\github\classgraph\classgraph\4.8.83\classgraph-4.8.83.jar;C:\Users\dofoleta\.m2\repository\io\springfox\springfox-spring-webmvc\3.0.0\springfox-spring-webmvc-3.0.0.jar;C:\Users\dofoleta\.m2\repository\io\springfox\springfox-spring-webflux\3.0.0\springfox-spring-webflux-3.0.0.jar;C:\Users\dofoleta\.m2\repository\io\springfox\springfox-swagger-common\3.0.0\springfox-swagger-common-3.0.0.jar;C:\Users\dofoleta\.m2\repository\org\mapstruct\mapstruct\1.3.1.Final\mapstruct-1.3.1.Final.jar;C:\Users\dofoleta\.m2\repository\io\springfox\springfox-data-rest\3.0.0\springfox-data-rest-3.0.0.jar;C:\Users\dofoleta\.m2\repository\io\springfox\springfox-bean-validators\3.0.0\springfox-bean-validators-3.0.0.jar;C:\Users\dofoleta\.m2\repository\io\springfox\springfox-swagger2\3.0.0\springfox-swagger2-3.0.0.jar;C:\Users\dofoleta\.m2\repository\io\swagger\swagger-annotations\1.5.20\swagger-annotations-1.5.20.jar;C:\Users\dofoleta\.m2\repository\io\swagger\swagger-models\1.5.20\swagger-models-1.5.20.jar;C:\Users\dofoleta\.m2\repository\io\springfox\springfox-swagger-ui\3.0.0\springfox-swagger-ui-3.0.0.jar;C:\Users\dofoleta\.m2\repository\com\fasterxml\classmate\1.5.1\classmate-1.5.1.jar;C:\Users\dofoleta\.m2\repository\org\springframework\plugin\spring-plugin-core\2.0.0.RELEASE\spring-plugin-core-2.0.0.RELEASE.jar;C:\Users\dofoleta\.m2\repository\org\springframework\plugin\spring-plugin-metadata\2.0.0.RELEASE\spring-plugin-metadata-2.0.0.RELEASE.jar;C:\Users\dofoleta\.m2\repository\org\springframework\boot\spring-boot-starter-mail\2.3.11.RELEASE\spring-boot-starter-mail-2.3.11.RELEASE.jar;C:\Users\dofoleta\.m2\repository\org\springframework\spring-context-support\5.2.15.RELEASE\spring-context-support-5.2.15.RELEASE.jar;C:\Users\dofoleta\.m2\repository\com\sun\mail\jakarta.mail\1.6.7\jakarta.mail-1.6.7.jar;C:\Users\dofoleta\.m2\repository\com\sun\activation\jakarta.activation\1.2.2\jakarta.activation-1.2.2.jar;"/>
    <property name="sun.cpu.endian" value="little"/>
    <property name="user.home" value="C:\Users\dofoleta"/>
    <property name="user.language" value="en"/>
    <property name="java.specification.vendor" value="Oracle Corporation"/>
    <property name="java.version.date" value="2022-10-18"/>
    <property name="java.home" value="C:\Program Files\Java\jdk-11.0.17"/>
    <property name="file.separator" value="\"/>
    <property name="basedir" value="C:\Techplanet\Development\ExpertBridge\fusionms"/>
    <property name="java.vm.compressedOopsMode" value="Zero based"/>
    <property name="line.separator" value="&#10;"/>
    <property name="java.specification.name" value="Java Platform API Specification"/>
    <property name="java.vm.specification.vendor" value="Oracle Corporation"/>
    <property name="java.awt.graphicsenv" value="sun.awt.Win32GraphicsEnvironment"/>
    <property name="surefire.real.class.path" value="C:\Users\dofoleta\AppData\Local\Temp\surefire18358115717193413279\surefirebooter4721864280647937931.jar"/>
    <property name="user.script" value=""/>
    <property name="sun.management.compiler" value="HotSpot 64-Bit Tiered Compilers"/>
    <property name="java.runtime.version" value="11.0.17+10-LTS-269"/>
    <property name="user.name" value="dofoleta"/>
    <property name="path.separator" value=";"/>
    <property name="os.version" value="10.0"/>
    <property name="java.runtime.name" value="Java(TM) SE Runtime Environment"/>
    <property name="file.encoding" value="Cp1252"/>
    <property name="java.vm.name" value="Java HotSpot(TM) 64-Bit Server VM"/>
    <property name="java.vendor.version" value="18.9"/>
    <property name="maven.ext.class.path" value="C:\Program Files\NetBeans-16\netbeans\java\maven-nblib\netbeans-eventspy.jar"/>
    <property name="localRepository" value="C:\Users\dofoleta\.m2\repository"/>
    <property name="java.vendor.url.bug" value="https://bugreport.java.com/bugreport/"/>
    <property name="java.io.tmpdir" value="C:\Users\dofoleta\AppData\Local\Temp\"/>
    <property name="java.version" value="11.0.17"/>
    <property name="user.dir" value="C:\Techplanet\Development\ExpertBridge\fusionms"/>
    <property name="os.arch" value="amd64"/>
    <property name="java.vm.specification.name" value="Java Virtual Machine Specification"/>
    <property name="java.awt.printerjob" value="sun.awt.windows.WPrinterJob"/>
    <property name="sun.os.patch.level" value=""/>
    <property name="java.library.path" value="C:\Program Files\Java\jdk-11.0.17\bin;C:\WINDOWS\Sun\Java\bin;C:\WINDOWS\system32;C:\WINDOWS;C:\Program Files\Common Files\Oracle\Java\javapath;C:\Program Files (x86)\Common Files\Oracle\Java\javapath;C:\ProgramData\Oracle\Java\javapath;C:\Program Files\Microsoft MPI\Bin\;C:\Program Files (x86)\Intel\iCLS Client\;C:\Program Files\Intel\iCLS Client\;C:\WINDOWS\system32;C:\WINDOWS;C:\WINDOWS\System32\Wbem;C:\WINDOWS\System32\WindowsPowerShell\v1.0\;C:\Program Files (x86)\Intel\Intel(R) Management Engine Components\DAL;C:\Program Files\Intel\Intel(R) Management Engine Components\DAL;C:\Program Files (x86)\Intel\Intel(R) Management Engine Components\IPT;C:\Program Files\Intel\Intel(R) Management Engine Components\IPT;C:\Program Files (x86)\Microsoft SQL Server\130\Tools\Binn\;C:\Program Files\Microsoft SQL Server\130\Tools\Binn\;C:\Program Files (x86)\Microsoft SQL Server\130\DTS\Binn\;C:\Program Files\Microsoft SQL Server\130\DTS\Binn\;C:\Program Files\Microsoft SQL Server\Client SDK\ODBC\130\Tools\Binn\;C:\Program Files (x86)\Microsoft SQL Server\Client SDK\ODBC\130\Tools\Binn\;C:\Program Files (x86)\Microsoft SQL Server\140\Tools\Binn\;C:\Program Files (x86)\Microsoft SQL Server\140\DTS\Binn\;C:\Program Files (x86)\Microsoft SQL Server\140\Tools\Binn\ManagementStudio\;C:\PostgreSQL\pg10\bin;C:\Program Files\Intel\WiFi\bin\;C:\Program Files\Common Files\Intel\WirelessCommon\;C:\WINDOWS\System32\OpenSSH\;C:\Program Files (x86)\HP\IdrsOCR_15.2.10.1114\;&quot;C:\Users\dofoleta\AppData\Local\Microsoft\WindowsApps;C:\Dev\flutter\bin&quot;;;C:\Users\dofoleta\AppData\Local\Programs\Microsoft VS Code\bin;C:\Program Files (x86)\Sophos\Sophos SSL VPN Client\bin;."/>
    <property name="java.vendor" value="Oracle Corporation"/>
    <property name="java.vm.info" value="mixed mode"/>
    <property name="java.vm.version" value="11.0.17+10-LTS-269"/>
    <property name="sun.io.unicode.encoding" value="UnicodeLittle"/>
    <property name="java.class.version" value="55.0"/>
  </properties>
  <testcase name="contextLoads" classname="com.techplanet.expertbridge.fusion.FusionApplicationTests" time="0.251"/>
</testsuite>